#
# An unexpected error has occurred (6)
#
Stack:
/lib/x86_64-linux-gnu/libc.so.6(+0x42520) [0x7fafc2c19520]
/lib/x86_64-linux-gnu/libc.so.6(pthread_kill+0x12c) [0x7fafc2c6d9fc]
/lib/x86_64-linux-gnu/libc.so.6(raise+0x16) [0x7fafc2c19476]
/lib/x86_64-linux-gnu/libc.so.6(abort+0xd3) [0x7fafc2bff7f3]
/tools/Xilinx/Vivado/2022.2/lib/lnx64.o/Ubuntu/libstdc++.so.6(+0x8ba13) [0x7fafc328ba13]
/tools/Xilinx/Vivado/2022.2/lib/lnx64.o/Ubuntu/libstdc++.so.6(+0x91b86) [0x7fafc3291b86]
/tools/Xilinx/Vivado/2022.2/lib/lnx64.o/Ubuntu/libstdc++.so.6(+0x91bc1) [0x7fafc3291bc1]
/tools/Xilinx/Vivado/2022.2/lib/lnx64.o/Ubuntu/libstdc++.so.6(+0x928ff) [0x7fafc32928ff]
/tools/Xilinx/Vivado/2022.2/lib/lnx64.o/librdi_wavedata.so(+0x353aee) [0x7faf95a4caee]
/tools/Xilinx/Vivado/2022.2/lib/lnx64.o/librdi_wavedata.so(SG_Model::WaveformRender::render(SG_Model::WVDataObject const&)+0x84) [0x7faf95a57784]
/tools/Xilinx/Vivado/2022.2/lib/lnx64.o/librdi_wavedata.so(WaveViewer::WVWaveformPanel::WaveformTraverser::drawWaveform(SG_Model::WVDataObject const*, int, int)+0x38e) [0x7faf95ad24ae]
/tools/Xilinx/Vivado/2022.2/lib/lnx64.o/librdi_wavedata.so(WaveViewer::WVWaveformPanel::WaveformTraverser::handleItemSize(WaveViewer::WVTreeWVObjectModel::ITraverseHandler::TraverseItem const&)+0x52) [0x7faf95ad2782]
/tools/Xilinx/Vivado/2022.2/lib/lnx64.o/librdi_wavedata.so(WaveViewer::WVTreeWVObjectModel::traverseYRange(SG_Model::WVDataObject const*, WaveViewer::WVTreeWVObjectModel::ITraverseHandler&, int, int, int&, int&) const+0x234) [0x7faf95ab5d24]
/tools/Xilinx/Vivado/2022.2/lib/lnx64.o/librdi_wavedata.so(WaveViewer::WVTreeWVObjectModel::traverseYRange(SG_Model::WVDataObject const*, WaveViewer::WVTreeWVObjectModel::ITraverseHandler&, int, int, int&, int&) const+0x2be) [0x7faf95ab5dae]
/tools/Xilinx/Vivado/2022.2/lib/lnx64.o/librdi_wavedata.so(WaveViewer::WVTreeWVObjectModel::traverseYRange(WaveViewer::WVTreeWVObjectModel::ITraverseHandler&, int, int) const+0x57) [0x7faf95ab5ee7]
/tools/Xilinx/Vivado/2022.2/lib/lnx64.o/librdi_wavedata.so(WaveViewer::WVWaveformPanel::getGraphics(HDGDStringStream&, long&)+0x3a9) [0x7faf95ad1aa9]
/tools/Xilinx/Vivado/2022.2/lib/lnx64.o/librdi_wavedata.so(WVExecutiveImp::getGraphicsDataSize()+0x9a) [0x7faf95a8e13a]
/tools/Xilinx/Vivado/2022.2/lib/lnx64.o/librdi_wavedata.so(WVExecutive::getGraphicsDataSize()+0xf) [0x7faf95a8e5af]
/tools/Xilinx/Vivado/2022.2/lib/lnx64.o/librdi_wavedata.so(Java_ui_views_waveform_waveformi_WVExecutive_1getGraphicsDataSize+0x17) [0x7faf95ada317]
[0x7faf6d087710]
